<?xml version="1.0" encoding="UTF-8"?>
<!-- Generated by org.testng.reporters.JUnitXMLReporter -->
<testsuite hostname="DESKTOP-E54VLCP" ignored="0" name="Free CRM app test cases" tests="6" failures="0" timestamp="22 Oct 2020 22:44:38 GMT" time="62.048" errors="0">
  <testcase name="fillNewContactInfor" time="0.0" classname="com.crm.qa.testcases.ContactsPageTest">
    <skipped/>
  </testcase> <!-- fillNewContactInfor -->
  <testcase name="loginTest" time="0.702" classname="com.crm.qa.testcases.LoginPageTest"/>
  <testcase name="checkExistingContact" time="0.632" classname="com.crm.qa.testcases.ContactsPageTest"/>
  <testcase name="verifyHomePageTitleTest" time="0.012" classname="com.crm.qa.testcases.HomePageTest"/>
  <testcase name="verifyUsernameLable" time="1.646" classname="com.crm.qa.testcases.HomePageTest"/>
  <testcase name="verifyContactLink" time="1.657" classname="com.crm.qa.testcases.HomePageTest"/>
</testsuite> <!-- Free CRM app test cases -->
