<?xml version="1.0" encoding="UTF-8"?>
<testng-results skipped="0" failed="0" ignored="0" total="1" passed="1">
  <reporter-output>
  </reporter-output>
  <suite name="Default suite" duration-ms="12962" started-at="2020-10-23T07:26:00Z" finished-at="2020-10-23T07:26:13Z">
    <groups>
    </groups>
    <test name="Default test" duration-ms="12962" started-at="2020-10-23T07:26:00Z" finished-at="2020-10-23T07:26:13Z">
      <class name="com.crm.qa.testcases.LoginPageTest">
        <test-method status="PASS" signature="setUp()[pri:0, instance:com.crm.qa.testcases.LoginPageTest@50c87b21]" name="setUp" is-config="true" duration-ms="10333" started-at="2020-10-23T12:56:00Z" finished-at="2020-10-23T12:56:11Z">
          <reporter-output>
          </reporter-output>
        </test-method> <!-- setUp -->
        <test-method status="PASS" signature="loginTest()[pri:1, instance:com.crm.qa.testcases.LoginPageTest@50c87b21]" name="loginTest" duration-ms="954" started-at="2020-10-23T12:56:11Z" finished-at="2020-10-23T12:56:12Z">
          <reporter-output>
          </reporter-output>
        </test-method> <!-- loginTest -->
        <test-method status="PASS" signature="tearDown()[pri:0, instance:com.crm.qa.testcases.LoginPageTest@50c87b21]" name="tearDown" is-config="true" duration-ms="1644" started-at="2020-10-23T12:56:12Z" finished-at="2020-10-23T12:56:13Z">
          <reporter-output>
          </reporter-output>
        </test-method> <!-- tearDown -->
      </class> <!-- com.crm.qa.testcases.LoginPageTest -->
    </test> <!-- Default test -->
  </suite> <!-- Default suite -->
</testng-results>
